gfortran -fopenmp -o norm_prog norm_omp.f90 
Using OpenMP with   8 threads
 points_per_thread =          125
Thread  6 will take i =    751 through i =    875
Thread  5 will take i =    626 through i =    750
Thread  2 will take i =    251 through i =    375
Thread  3 will take i =    376 through i =    500
 norm updated to:    39125.000000000000     
 norm updated to:    93875.000000000000     
Thread  1 will take i =    126 through i =    250
Thread  4 will take i =    501 through i =    625
Thread  0 will take i =      1 through i =    125
 norm updated to:    195500.00000000000     
 norm updated to:    265875.00000000000     
Thread  7 will take i =    876 through i =   1000
 norm updated to:    273750.00000000000     
 norm updated to:    391000.00000000000     
 norm updated to:    477000.00000000000     
 norm updated to:    500500.00000000000     
 ynorm updated to:   0.20304695304695297     
 ynorm updated to:   0.43731268731268702     
 ynorm updated to:   0.54670329670329643     
 ynorm updated to:   0.62487512487512464     
 ynorm updated to:   0.67182817182817167     
 ynorm updated to:   0.84365634365634357     
 ynorm updated to:   0.98426573426573416     
 ynorm updated to:   0.99999999999999989     
 norm of x =    500500.00000000000        n(n+1)/2 =       500500
 ynorm should be 1.0:   ynorm =   0.99999999999999989     
